# JRE version: Java(TM) SE Runtime Environment (21.0.3+7) (build 21.0.3+7-LTS-152)
# Java VM: Java HotSpot(TM) 64-Bit Server VM (21.0.3+7-LTS-152, mixed mode, emulated-client, sharing, tiered, compressed oops, compressed class ptrs, g1 gc, windows-amd64)
GC Precious Log:
 CardTable entry size: 512
 Card Set container configuration: InlinePtr #cards 4 size 8 Array Of Cards #cards 16 size 48 Howl #buckets 8 coarsen threshold 3686 Howl Bitmap #cards 512 size 80 coarsen threshold 460 Card regions per heap region 1 cards per card region 4096
 CPUs: 8 total, 8 available
 Memory: 16122M
 Large Page Support: Disabled
 NUMA Support: Disabled
 Compressed Oops: Enabled (Zero based)
 Heap Region Size: 2M
 Heap Min Capacity: 8M
 Heap Initial Capacity: 252M
 Heap Max Capacity: 4032M
 Pre-touch: Disabled
 Parallel Workers: 8
 Concurrent Workers: 2
 Concurrent Refinement Workers: 8
 Periodic GC: Disabled
Heap:
 garbage-first heap   total 90112K, used 48020K [0x0000000704000000, 0x0000000800000000)
  region size 2048K, 6 young (12288K), 2 survivors (4096K)
 Metaspace       used 82426K, committed 83072K, reserved 1179648K
  class space    used 11915K, committed 12224K, reserved 1048576K
GC Heap History (20 events):
Event: 7.646 GC heap after
{Heap after GC invocations=16 (full 0):
 garbage-first heap   total 90112K, used 37453K [0x0000000704000000, 0x0000000800000000)
  region size 2048K, 2 young (4096K), 2 survivors (4096K)
 Metaspace       used 73384K, committed 74112K, reserved 1114112K
  class space    used 10573K, committed 10880K, reserved 1048576K
}
Event: 8.151 GC heap before
{Heap before GC invocations=16 (full 0):
 garbage-first heap   total 90112K, used 78413K [0x0000000704000000, 0x0000000800000000)
  region size 2048K, 22 young (45056K), 2 survivors (4096K)
 Metaspace       used 76210K, committed 76992K, reserved 1179648K
  class space    used 10965K, committed 11328K, reserved 1048576K
}
Event: 8.158 GC heap after
{Heap after GC invocations=17 (full 0):
 garbage-first heap   total 90112K, used 40767K [0x0000000704000000, 0x0000000800000000)
  region size 2048K, 2 young (4096K), 2 survivors (4096K)
 Metaspace       used 76210K, committed 76992K, reserved 1179648K
  class space    used 10965K, committed 11328K, reserved 1048576K
}
Event: 313.302 GC heap before
{Heap before GC invocations=18 (full 0):
 garbage-first heap   total 90112K, used 77631K [0x0000000704000000, 0x0000000800000000)
  region size 2048K, 21 young (43008K), 2 survivors (4096K)
 Metaspace       used 78649K, committed 79424K, reserved 1179648K
  class space    used 11366K, committed 11712K, reserved 1048576K
}
Event: 313.308 GC heap after
{Heap after GC invocations=19 (full 0):
 garbage-first heap   total 90112K, used 42245K [0x0000000704000000, 0x0000000800000000)
  region size 2048K, 1 young (2048K), 1 survivors (2048K)
 Metaspace       used 78649K, committed 79424K, reserved 1179648K
  class space    used 11366K, committed 11712K, reserved 1048576K
}
Event: 729.026 GC heap before
{Heap before GC invocations=19 (full 0):
 garbage-first heap   total 90112K, used 81157K [0x0000000704000000, 0x0000000800000000)
  region size 2048K, 20 young (40960K), 1 survivors (2048K)
 Metaspace       used 81236K, committed 82112K, reserved 1179648K
  class space    used 11718K, committed 12096K, reserved 1048576K
}
Event: 729.041 GC heap after
{Heap after GC invocations=20 (full 0):
 garbage-first heap   total 90112K, used 42968K [0x0000000704000000, 0x0000000800000000)
  region size 2048K, 2 young (4096K), 2 survivors (4096K)
 Metaspace       used 81236K, committed 82112K, reserved 1179648K
  class space    used 11718K, committed 12096K, reserved 1048576K
}
Event: 1153.702 GC heap before
{Heap before GC invocations=20 (full 0):
 garbage-first heap   total 90112K, used 77784K [0x0000000704000000, 0x0000000800000000)
  region size 2048K, 19 young (38912K), 2 survivors (4096K)
 Metaspace       used 81246K, committed 82112K, reserved 1179648K
  class space    used 11720K, committed 12096K, reserved 1048576K
}
Event: 1153.713 GC heap after
{Heap after GC invocations=21 (full 0):
 garbage-first heap   total 90112K, used 42838K [0x0000000704000000, 0x0000000800000000)
  region size 2048K, 2 young (4096K), 2 survivors (4096K)
 Metaspace       used 81246K, committed 82112K, reserved 1179648K
  class space    used 11720K, committed 12096K, reserved 1048576K
}
Event: 1714.766 GC heap before
{Heap before GC invocations=22 (full 0):
 garbage-first heap   total 90112K, used 77654K [0x0000000704000000, 0x0000000800000000)
  region size 2048K, 19 young (38912K), 2 survivors (4096K)
 Metaspace       used 80859K, committed 82112K, reserved 1179648K
  class space    used 11621K, committed 12096K, reserved 1048576K
}
Event: 1714.780 GC heap after
{Heap after GC invocations=23 (full 0):
 garbage-first heap   total 90112K, used 42965K [0x0000000704000000, 0x0000000800000000)
  region size 2048K, 2 young (4096K), 2 survivors (4096K)
 Metaspace       used 80859K, committed 82112K, reserved 1179648K
  class space    used 11621K, committed 12096K, reserved 1048576K
}
Event: 2171.338 GC heap before
{Heap before GC invocations=23 (full 0):
 garbage-first heap   total 90112K, used 75733K [0x0000000704000000, 0x0000000800000000)
  region size 2048K, 19 young (38912K), 2 survivors (4096K)
 Metaspace       used 81633K, committed 82304K, reserved 1179648K
  class space    used 11747K, committed 12096K, reserved 1048576K
}
Event: 2171.354 GC heap after
{Heap after GC invocations=24 (full 0):
 garbage-first heap   total 90112K, used 42285K [0x0000000704000000, 0x0000000800000000)
  region size 2048K, 2 young (4096K), 2 survivors (4096K)
 Metaspace       used 81633K, committed 82304K, reserved 1179648K
  class space    used 11747K, committed 12096K, reserved 1048576K
}
Event: 2675.172 GC heap before
{Heap before GC invocations=24 (full 0):
 garbage-first heap   total 90112K, used 77101K [0x0000000704000000, 0x0000000800000000)
  region size 2048K, 19 young (38912K), 2 survivors (4096K)
 Metaspace       used 82206K, committed 82880K, reserved 1179648K
  class space    used 11856K, committed 12160K, reserved 1048576K
}
Event: 2675.190 GC heap after
{Heap after GC invocations=25 (full 0):
 garbage-first heap   total 90112K, used 43228K [0x0000000704000000, 0x0000000800000000)
  region size 2048K, 2 young (4096K), 2 survivors (4096K)
 Metaspace       used 82206K, committed 82880K, reserved 1179648K
  class space    used 11856K, committed 12160K, reserved 1048576K
}
Event: 3283.713 GC heap before
{Heap before GC invocations=26 (full 0):
 garbage-first heap   total 90112K, used 75996K [0x0000000704000000, 0x0000000800000000)
  region size 2048K, 19 young (38912K), 2 survivors (4096K)
 Metaspace       used 82206K, committed 82880K, reserved 1179648K
  class space    used 11856K, committed 12160K, reserved 1048576K
}
Event: 3283.726 GC heap after
{Heap after GC invocations=27 (full 0):
 garbage-first heap   total 90112K, used 42413K [0x0000000704000000, 0x0000000800000000)
  region size 2048K, 2 young (4096K), 2 survivors (4096K)
 Metaspace       used 82206K, committed 82880K, reserved 1179648K
  class space    used 11856K, committed 12160K, reserved 1048576K
}
Event: 3821.310 GC heap before
{Heap before GC invocations=27 (full 0):
 garbage-first heap   total 90112K, used 77229K [0x0000000704000000, 0x0000000800000000)
  region size 2048K, 19 young (38912K), 2 survivors (4096K)
 Metaspace       used 82209K, committed 82880K, reserved 1179648K
  class space    used 11857K, committed 12160K, reserved 1048576K
}
Event: 3821.325 GC heap after
{Heap after GC invocations=28 (full 0):
 garbage-first heap   total 90112K, used 41515K [0x0000000704000000, 0x0000000800000000)
  region size 2048K, 2 young (4096K), 2 survivors (4096K)
 Metaspace       used 82209K, committed 82880K, reserved 1179648K
  class space    used 11857K, committed 12160K, reserved 1048576K
}
Event: 3893.419 GC heap before
{Heap before GC invocations=28 (full 0):
 garbage-first heap   total 90112K, used 47659K [0x0000000704000000, 0x0000000800000000)
  region size 2048K, 6 young (12288K), 2 survivors (4096K)
 Metaspace       used 82426K, committed 83072K, reserved 1179648K
  class space    used 11915K, committed 12224K, reserved 1048576K
}

